<?xml version="1.0" encoding="UTF-8"?>
<!-- Generated by org.testng.reporters.JUnitXMLReporter -->
<testsuite hostname="LAPTOP-8FH1UK5Q" name="Default test" tests="4" failures="0" timestamp="25 Jan 2023 12:58:27 GMT" time="0.029" errors="0">
  <testcase name="test0" time="0.008" classname="com.testng.GroupExecutionExample"/>
  <testcase name="test1" time="0.003" classname="com.testng.GroupExecutionExample"/>
  <testcase name="test2" time="0.0" classname="com.testng.GroupExecutionExample"/>
  <testcase name="test3" time="0.001" classname="com.testng.GroupExecutionExample"/>
</testsuite> <!-- Default test -->
